<?xml version="1.0" encoding="UTF-8"?>
<coverage generated="1590247210179" clover="3.2.0">
  <project timestamp="1590247210180" name="All files">
    <metrics statements="59" coveredstatements="59" conditionals="23" coveredconditionals="23" methods="10" coveredmethods="10" elements="92" coveredelements="92" complexity="0" loc="59" ncloc="59" packages="1" files="3" classes="3"/>
    <file name="app.js" path="C:\Users\Usuario\Desktop\jest-test-dojo\app.js">
      <metrics statements="12" coveredstatements="12" conditionals="0" coveredconditionals="0" methods="3" coveredmethods="3"/>
      <line num="1" count="1" type="stmt"/>
      <line num="2" count="1" type="stmt"/>
      <line num="3" count="1" type="stmt"/>
      <line num="4" count="1" type="stmt"/>
      <line num="6" count="1" type="stmt"/>
      <line num="7" count="1" type="stmt"/>
      <line num="12" count="1" type="stmt"/>
      <line num="13" count="1" type="stmt"/>
      <line num="18" count="1" type="stmt"/>
      <line num="19" count="12" type="stmt"/>
      <line num="20" count="12" type="stmt"/>
      <line num="26" count="1" type="stmt"/>
    </file>
    <file name="calculator.js" path="C:\Users\Usuario\Desktop\jest-test-dojo\calculator.js">
      <metrics statements="5" coveredstatements="5" conditionals="0" coveredconditionals="0" methods="2" coveredmethods="2"/>
      <line num="2" count="3" type="stmt"/>
      <line num="3" count="3" type="stmt"/>
      <line num="7" count="3" type="stmt"/>
      <line num="10" count="2" type="stmt"/>
      <line num="11" count="2" type="stmt"/>
    </file>
    <file name="codebreaker.js" path="C:\Users\Usuario\Desktop\jest-test-dojo\codebreaker.js">
      <metrics statements="42" coveredstatements="42" conditionals="23" coveredconditionals="23" methods="5" coveredmethods="5"/>
      <line num="3" count="2" type="stmt"/>
      <line num="6" count="31" type="stmt"/>
      <line num="7" count="31" type="stmt"/>
      <line num="11" count="1" type="stmt"/>
      <line num="12" count="1" type="stmt"/>
      <line num="13" count="2" type="stmt"/>
      <line num="14" count="2" type="stmt"/>
      <line num="15" count="2" type="stmt"/>
      <line num="16" count="2" type="stmt"/>
      <line num="17" count="8" type="stmt"/>
      <line num="18" count="32" type="cond" truecount="4" falsecount="0"/>
      <line num="19" count="2" type="stmt"/>
      <line num="27" count="2" type="stmt"/>
      <line num="28" count="2" type="stmt"/>
      <line num="32" count="31" type="stmt"/>
      <line num="33" count="31" type="stmt"/>
      <line num="34" count="31" type="stmt"/>
      <line num="35" count="31" type="cond" truecount="2" falsecount="0"/>
      <line num="36" count="1" type="stmt"/>
      <line num="37" count="30" type="stmt"/>
      <line num="38" count="30" type="cond" truecount="5" falsecount="0"/>
      <line num="39" count="3" type="stmt"/>
      <line num="41" count="27" type="cond" truecount="2" falsecount="0"/>
      <line num="42" count="1" type="stmt"/>
      <line num="43" count="1" type="stmt"/>
      <line num="45" count="26" type="stmt"/>
      <line num="46" count="26" type="stmt"/>
      <line num="47" count="97" type="cond" truecount="2" falsecount="0"/>
      <line num="48" count="32" type="stmt"/>
      <line num="50" count="65" type="stmt"/>
      <line num="51" count="248" type="cond" truecount="4" falsecount="0"/>
      <line num="52" count="32" type="stmt"/>
      <line num="54" count="248" type="cond" truecount="4" falsecount="0"/>
      <line num="55" count="4" type="stmt"/>
      <line num="60" count="22" type="stmt"/>
      <line num="62" count="22" type="stmt"/>
      <line num="67" count="59" type="stmt"/>
      <line num="68" count="59" type="stmt"/>
      <line num="69" count="59" type="stmt"/>
      <line num="72" count="2" type="stmt"/>
      <line num="73" count="2" type="stmt"/>
      <line num="74" count="2" type="stmt"/>
    </file>
  </project>
</coverage>
