{"C:\\Users\\Usuario\\Desktop\\jest-test-dojo\\app.js": {"path":"C:\\Users\\Usuario\\Desktop\\jest-test-dojo\\app.js","statementMap":{"0":{"start":{"line":1,"column":16},"end":{"line":1,"column":34}},"1":{"start":{"line":2,"column":11},"end":{"line":2,"column":20}},"2":{"start":{"line":3,"column":12},"end":{"line":3,"column":27}},"3":{"start":{"line":4,"column":12},"end":{"line":4,"column":35}},"4":{"start":{"line":5,"column":20},"end":{"line":5,"column":44}},"5":{"start":{"line":6,"column":0},"end":{"line":6,"column":15}},"6":{"start":{"line":8,"column":0},"end":{"line":12,"column":3}},"7":{"start":{"line":9,"column":4},"end":{"line":11,"column":7}},"8":{"start":{"line":14,"column":0},"end":{"line":18,"column":3}},"9":{"start":{"line":15,"column":4},"end":{"line":17,"column":7}},"10":{"start":{"line":20,"column":0},"end":{"line":32,"column":3}},"11":{"start":{"line":21,"column":4},"end":{"line":21,"column":27}},"12":{"start":{"line":23,"column":13},"end":{"line":23,"column":47}},"13":{"start":{"line":24,"column":4},"end":{"line":27,"column":5}},"14":{"start":{"line":26,"column":8},"end":{"line":26,"column":30}},"15":{"start":{"line":28,"column":4},"end":{"line":31,"column":7}},"16":{"start":{"line":34,"column":0},"end":{"line":51,"column":3}},"17":{"start":{"line":35,"column":4},"end":{"line":50,"column":5}},"18":{"start":{"line":36,"column":17},"end":{"line":36,"column":51}},"19":{"start":{"line":37,"column":8},"end":{"line":40,"column":9}},"20":{"start":{"line":38,"column":12},"end":{"line":38,"column":34}},"21":{"start":{"line":41,"column":8},"end":{"line":44,"column":11}},"22":{"start":{"line":47,"column":8},"end":{"line":49,"column":10}},"23":{"start":{"line":53,"column":0},"end":{"line":67,"column":3}},"24":{"start":{"line":54,"column":4},"end":{"line":66,"column":5}},"25":{"start":{"line":56,"column":8},"end":{"line":56,"column":30}},"26":{"start":{"line":57,"column":8},"end":{"line":57,"column":44}},"27":{"start":{"line":58,"column":8},"end":{"line":61,"column":10}},"28":{"start":{"line":63,"column":8},"end":{"line":65,"column":10}},"29":{"start":{"line":73,"column":0},"end":{"line":73,"column":21}}},"fnMap":{"0":{"name":"(anonymous_0)","decl":{"start":{"line":8,"column":15},"end":{"line":8,"column":16}},"loc":{"start":{"line":8,"column":26},"end":{"line":12,"column":1}},"line":8},"1":{"name":"(anonymous_1)","decl":{"start":{"line":14,"column":20},"end":{"line":14,"column":21}},"loc":{"start":{"line":14,"column":31},"end":{"line":18,"column":1}},"line":14},"2":{"name":"(anonymous_2)","decl":{"start":{"line":20,"column":23},"end":{"line":20,"column":24}},"loc":{"start":{"line":20,"column":34},"end":{"line":32,"column":1}},"line":20},"3":{"name":"(anonymous_3)","decl":{"start":{"line":34,"column":32},"end":{"line":34,"column":33}},"loc":{"start":{"line":34,"column":43},"end":{"line":51,"column":1}},"line":34},"4":{"name":"(anonymous_4)","decl":{"start":{"line":53,"column":29},"end":{"line":53,"column":30}},"loc":{"start":{"line":53,"column":40},"end":{"line":67,"column":1}},"line":53}},"branchMap":{"0":{"loc":{"start":{"line":24,"column":4},"end":{"line":27,"column":5}},"type":"if","locations":[{"start":{"line":24,"column":4},"end":{"line":27,"column":5}},{"start":{"line":24,"column":4},"end":{"line":27,"column":5}}],"line":24},"1":{"loc":{"start":{"line":35,"column":4},"end":{"line":50,"column":5}},"type":"if","locations":[{"start":{"line":35,"column":4},"end":{"line":50,"column":5}},{"start":{"line":35,"column":4},"end":{"line":50,"column":5}}],"line":35},"2":{"loc":{"start":{"line":37,"column":8},"end":{"line":40,"column":9}},"type":"if","locations":[{"start":{"line":37,"column":8},"end":{"line":40,"column":9}},{"start":{"line":37,"column":8},"end":{"line":40,"column":9}}],"line":37},"3":{"loc":{"start":{"line":54,"column":4},"end":{"line":66,"column":5}},"type":"if","locations":[{"start":{"line":54,"column":4},"end":{"line":66,"column":5}},{"start":{"line":54,"column":4},"end":{"line":66,"column":5}}],"line":54}},"s":{"0":1,"1":1,"2":1,"3":1,"4":1,"5":1,"6":1,"7":1,"8":1,"9":1,"10":1,"11":12,"12":12,"13":12,"14":1,"15":12,"16":1,"17":2,"18":1,"19":1,"20":0,"21":1,"22":1,"23":1,"24":4,"25":1,"26":1,"27":1,"28":3,"29":1},"f":{"0":1,"1":1,"2":12,"3":2,"4":4},"b":{"0":[1,11],"1":[1,1],"2":[0,1],"3":[1,3]},"_coverageSchema":"1a1c01bbd47fc00a2c39e90264f33305004495a9","hash":"5ad6d1dd4da6e423a4867c4e9b3909e34e5a094e"}
,"C:\\Users\\Usuario\\Desktop\\jest-test-dojo\\calculator.js": {"path":"C:\\Users\\Usuario\\Desktop\\jest-test-dojo\\calculator.js","statementMap":{"0":{"start":{"line":2,"column":16},"end":{"line":2,"column":21}},"1":{"start":{"line":3,"column":4},"end":{"line":3,"column":17}},"2":{"start":{"line":7,"column":6},"end":{"line":7,"column":19}},"3":{"start":{"line":10,"column":2},"end":{"line":10,"column":27}},"4":{"start":{"line":11,"column":2},"end":{"line":11,"column":36}}},"fnMap":{"0":{"name":"add","decl":{"start":{"line":1,"column":9},"end":{"line":1,"column":12}},"loc":{"start":{"line":1,"column":19},"end":{"line":4,"column":3}},"line":1},"1":{"name":"subtract","decl":{"start":{"line":6,"column":11},"end":{"line":6,"column":19}},"loc":{"start":{"line":6,"column":24},"end":{"line":8,"column":3}},"line":6}},"branchMap":{},"s":{"0":3,"1":3,"2":3,"3":2,"4":2},"f":{"0":3,"1":3},"b":{},"_coverageSchema":"1a1c01bbd47fc00a2c39e90264f33305004495a9","hash":"a09b3be28c48d63701d91caa6f92d3cdc6af1d9a"}
,"C:\\Users\\Usuario\\Desktop\\jest-test-dojo\\codebreaker.js": {"path":"C:\\Users\\Usuario\\Desktop\\jest-test-dojo\\codebreaker.js","statementMap":{"0":{"start":{"line":3,"column":12},"end":{"line":3,"column":19}},"1":{"start":{"line":4,"column":11},"end":{"line":4,"column":16}},"2":{"start":{"line":6,"column":4},"end":{"line":6,"column":17}},"3":{"start":{"line":7,"column":4},"end":{"line":7,"column":41}},"4":{"start":{"line":10,"column":4},"end":{"line":10,"column":17}},"5":{"start":{"line":14,"column":4},"end":{"line":14,"column":19}},"6":{"start":{"line":15,"column":4},"end":{"line":15,"column":14}},"7":{"start":{"line":18,"column":4},"end":{"line":18,"column":15}},"8":{"start":{"line":21,"column":4},"end":{"line":21,"column":16}},"9":{"start":{"line":24,"column":14},"end":{"line":24,"column":18}},"10":{"start":{"line":25,"column":4},"end":{"line":37,"column":5}},"11":{"start":{"line":26,"column":8},"end":{"line":26,"column":19}},"12":{"start":{"line":27,"column":8},"end":{"line":27,"column":34}},"13":{"start":{"line":28,"column":8},"end":{"line":28,"column":45}},"14":{"start":{"line":29,"column":8},"end":{"line":35,"column":9}},"15":{"start":{"line":29,"column":21},"end":{"line":29,"column":22}},"16":{"start":{"line":30,"column":12},"end":{"line":34,"column":13}},"17":{"start":{"line":30,"column":25},"end":{"line":30,"column":26}},"18":{"start":{"line":31,"column":16},"end":{"line":33,"column":17}},"19":{"start":{"line":32,"column":20},"end":{"line":32,"column":31}},"20":{"start":{"line":41,"column":19},"end":{"line":41,"column":50}},"21":{"start":{"line":42,"column":4},"end":{"line":42,"column":17}},"22":{"start":{"line":46,"column":19},"end":{"line":46,"column":21}},"23":{"start":{"line":47,"column":20},"end":{"line":47,"column":22}},"24":{"start":{"line":48,"column":20},"end":{"line":48,"column":22}},"25":{"start":{"line":49,"column":4},"end":{"line":50,"column":21}},"26":{"start":{"line":50,"column":8},"end":{"line":50,"column":21}},"27":{"start":{"line":51,"column":4},"end":{"line":51,"column":35}},"28":{"start":{"line":52,"column":4},"end":{"line":53,"column":21}},"29":{"start":{"line":53,"column":8},"end":{"line":53,"column":21}},"30":{"start":{"line":55,"column":4},"end":{"line":58,"column":5}},"31":{"start":{"line":56,"column":8},"end":{"line":56,"column":23}},"32":{"start":{"line":57,"column":8},"end":{"line":57,"column":23}},"33":{"start":{"line":59,"column":23},"end":{"line":59,"column":47}},"34":{"start":{"line":60,"column":4},"end":{"line":73,"column":5}},"35":{"start":{"line":60,"column":17},"end":{"line":60,"column":18}},"36":{"start":{"line":61,"column":8},"end":{"line":72,"column":9}},"37":{"start":{"line":62,"column":12},"end":{"line":62,"column":28}},"38":{"start":{"line":64,"column":12},"end":{"line":71,"column":13}},"39":{"start":{"line":64,"column":25},"end":{"line":64,"column":26}},"40":{"start":{"line":65,"column":16},"end":{"line":67,"column":17}},"41":{"start":{"line":66,"column":20},"end":{"line":66,"column":36}},"42":{"start":{"line":68,"column":16},"end":{"line":70,"column":17}},"43":{"start":{"line":69,"column":20},"end":{"line":69,"column":32}},"44":{"start":{"line":74,"column":4},"end":{"line":74,"column":33}},"45":{"start":{"line":76,"column":4},"end":{"line":76,"column":19}},"46":{"start":{"line":81,"column":17},"end":{"line":81,"column":41}},"47":{"start":{"line":82,"column":21},"end":{"line":82,"column":39}},"48":{"start":{"line":83,"column":4},"end":{"line":83,"column":22}},"49":{"start":{"line":86,"column":0},"end":{"line":86,"column":29}},"50":{"start":{"line":87,"column":0},"end":{"line":87,"column":37}},"51":{"start":{"line":88,"column":0},"end":{"line":88,"column":43}},"52":{"start":{"line":89,"column":0},"end":{"line":89,"column":33}},"53":{"start":{"line":90,"column":0},"end":{"line":90,"column":33}},"54":{"start":{"line":91,"column":0},"end":{"line":91,"column":39}},"55":{"start":{"line":92,"column":0},"end":{"line":92,"column":37}}},"fnMap":{"0":{"name":"setSecret","decl":{"start":{"line":5,"column":9},"end":{"line":5,"column":18}},"loc":{"start":{"line":5,"column":20},"end":{"line":8,"column":1}},"line":5},"1":{"name":"getSecret","decl":{"start":{"line":9,"column":9},"end":{"line":9,"column":18}},"loc":{"start":{"line":9,"column":20},"end":{"line":11,"column":1}},"line":9},"2":{"name":"setGame","decl":{"start":{"line":13,"column":9},"end":{"line":13,"column":16}},"loc":{"start":{"line":13,"column":18},"end":{"line":16,"column":1}},"line":13},"3":{"name":"endGame","decl":{"start":{"line":17,"column":9},"end":{"line":17,"column":16}},"loc":{"start":{"line":17,"column":18},"end":{"line":19,"column":1}},"line":17},"4":{"name":"gameStatus","decl":{"start":{"line":20,"column":9},"end":{"line":20,"column":19}},"loc":{"start":{"line":20,"column":21},"end":{"line":22,"column":1}},"line":20},"5":{"name":"randomSecret","decl":{"start":{"line":23,"column":9},"end":{"line":23,"column":21}},"loc":{"start":{"line":23,"column":23},"end":{"line":38,"column":1}},"line":23},"6":{"name":"generateRandom","decl":{"start":{"line":40,"column":9},"end":{"line":40,"column":23}},"loc":{"start":{"line":40,"column":25},"end":{"line":43,"column":1}},"line":40},"7":{"name":"guess","decl":{"start":{"line":45,"column":9},"end":{"line":45,"column":14}},"loc":{"start":{"line":45,"column":24},"end":{"line":78,"column":1}},"line":45},"8":{"name":"numberToDigits","decl":{"start":{"line":80,"column":9},"end":{"line":80,"column":23}},"loc":{"start":{"line":80,"column":28},"end":{"line":84,"column":1}},"line":80}},"branchMap":{"0":{"loc":{"start":{"line":31,"column":16},"end":{"line":33,"column":17}},"type":"if","locations":[{"start":{"line":31,"column":16},"end":{"line":33,"column":17}},{"start":{"line":31,"column":16},"end":{"line":33,"column":17}}],"line":31},"1":{"loc":{"start":{"line":31,"column":19},"end":{"line":31,"column":61}},"type":"binary-expr","locations":[{"start":{"line":31,"column":19},"end":{"line":31,"column":52}},{"start":{"line":31,"column":56},"end":{"line":31,"column":61}}],"line":31},"2":{"loc":{"start":{"line":49,"column":4},"end":{"line":50,"column":21}},"type":"if","locations":[{"start":{"line":49,"column":4},"end":{"line":50,"column":21}},{"start":{"line":49,"column":4},"end":{"line":50,"column":21}}],"line":49},"3":{"loc":{"start":{"line":52,"column":4},"end":{"line":53,"column":21}},"type":"if","locations":[{"start":{"line":52,"column":4},"end":{"line":53,"column":21}},{"start":{"line":52,"column":4},"end":{"line":53,"column":21}}],"line":52},"4":{"loc":{"start":{"line":52,"column":8},"end":{"line":52,"column":83}},"type":"binary-expr","locations":[{"start":{"line":52,"column":8},"end":{"line":52,"column":24}},{"start":{"line":52,"column":28},"end":{"line":52,"column":57}},{"start":{"line":52,"column":61},"end":{"line":52,"column":83}}],"line":52},"5":{"loc":{"start":{"line":55,"column":4},"end":{"line":58,"column":5}},"type":"if","locations":[{"start":{"line":55,"column":4},"end":{"line":58,"column":5}},{"start":{"line":55,"column":4},"end":{"line":58,"column":5}}],"line":55},"6":{"loc":{"start":{"line":61,"column":8},"end":{"line":72,"column":9}},"type":"if","locations":[{"start":{"line":61,"column":8},"end":{"line":72,"column":9}},{"start":{"line":61,"column":8},"end":{"line":72,"column":9}}],"line":61},"7":{"loc":{"start":{"line":65,"column":16},"end":{"line":67,"column":17}},"type":"if","locations":[{"start":{"line":65,"column":16},"end":{"line":67,"column":17}},{"start":{"line":65,"column":16},"end":{"line":67,"column":17}}],"line":65},"8":{"loc":{"start":{"line":65,"column":19},"end":{"line":65,"column":62}},"type":"binary-expr","locations":[{"start":{"line":65,"column":19},"end":{"line":65,"column":53}},{"start":{"line":65,"column":57},"end":{"line":65,"column":62}}],"line":65},"9":{"loc":{"start":{"line":68,"column":16},"end":{"line":70,"column":17}},"type":"if","locations":[{"start":{"line":68,"column":16},"end":{"line":70,"column":17}},{"start":{"line":68,"column":16},"end":{"line":70,"column":17}}],"line":68},"10":{"loc":{"start":{"line":68,"column":19},"end":{"line":68,"column":63}},"type":"binary-expr","locations":[{"start":{"line":68,"column":19},"end":{"line":68,"column":54}},{"start":{"line":68,"column":58},"end":{"line":68,"column":63}}],"line":68}},"s":{"0":2,"1":2,"2":31,"3":31,"4":1,"5":20,"6":20,"7":1,"8":6,"9":21,"10":21,"11":42,"12":42,"13":42,"14":42,"15":42,"16":168,"17":168,"18":672,"19":50,"20":42,"21":42,"22":32,"23":32,"24":32,"25":32,"26":1,"27":31,"28":31,"29":3,"30":28,"31":1,"32":1,"33":27,"34":27,"35":27,"36":101,"37":32,"38":69,"39":69,"40":264,"41":34,"42":264,"43":4,"44":23,"45":23,"46":100,"47":100,"48":100,"49":2,"50":2,"51":2,"52":2,"53":2,"54":2,"55":2},"f":{"0":31,"1":1,"2":20,"3":1,"4":6,"5":21,"6":42,"7":32,"8":100},"b":{"0":[50,622],"1":[672,218],"2":[1,31],"3":[3,28],"4":[31,30,30],"5":[1,27],"6":[32,69],"7":[34,230],"8":[264,34],"9":[4,260],"10":[264,69]},"_coverageSchema":"1a1c01bbd47fc00a2c39e90264f33305004495a9","hash":"b426ca4b339107c1011a73bac820cfac021cbd6e"}
}
