{"C:\\Users\\Usuario\\Desktop\\jest-test-dojo\\app.js": {"path":"C:\\Users\\Usuario\\Desktop\\jest-test-dojo\\app.js","statementMap":{"0":{"start":{"line":1,"column":16},"end":{"line":1,"column":34}},"1":{"start":{"line":2,"column":11},"end":{"line":2,"column":20}},"2":{"start":{"line":3,"column":12},"end":{"line":3,"column":35}},"3":{"start":{"line":4,"column":20},"end":{"line":4,"column":44}},"4":{"start":{"line":6,"column":0},"end":{"line":10,"column":3}},"5":{"start":{"line":7,"column":4},"end":{"line":9,"column":7}},"6":{"start":{"line":12,"column":0},"end":{"line":16,"column":3}},"7":{"start":{"line":13,"column":4},"end":{"line":15,"column":7}},"8":{"start":{"line":18,"column":0},"end":{"line":24,"column":3}},"9":{"start":{"line":19,"column":4},"end":{"line":19,"column":28}},"10":{"start":{"line":20,"column":4},"end":{"line":23,"column":7}},"11":{"start":{"line":26,"column":0},"end":{"line":26,"column":21}}},"fnMap":{"0":{"name":"(anonymous_0)","decl":{"start":{"line":6,"column":15},"end":{"line":6,"column":16}},"loc":{"start":{"line":6,"column":26},"end":{"line":10,"column":1}},"line":6},"1":{"name":"(anonymous_1)","decl":{"start":{"line":12,"column":20},"end":{"line":12,"column":21}},"loc":{"start":{"line":12,"column":31},"end":{"line":16,"column":1}},"line":12},"2":{"name":"(anonymous_2)","decl":{"start":{"line":18,"column":23},"end":{"line":18,"column":24}},"loc":{"start":{"line":18,"column":34},"end":{"line":24,"column":1}},"line":18}},"branchMap":{},"s":{"0":1,"1":1,"2":1,"3":1,"4":1,"5":1,"6":1,"7":1,"8":1,"9":12,"10":12,"11":1},"f":{"0":1,"1":1,"2":12},"b":{},"_coverageSchema":"1a1c01bbd47fc00a2c39e90264f33305004495a9","hash":"0bbd86b569b1cde933a2b2ae0f7fcb405f14110b"}
,"C:\\Users\\Usuario\\Desktop\\jest-test-dojo\\calculator.js": {"path":"C:\\Users\\Usuario\\Desktop\\jest-test-dojo\\calculator.js","statementMap":{"0":{"start":{"line":2,"column":16},"end":{"line":2,"column":21}},"1":{"start":{"line":3,"column":4},"end":{"line":3,"column":17}},"2":{"start":{"line":7,"column":6},"end":{"line":7,"column":19}},"3":{"start":{"line":10,"column":2},"end":{"line":10,"column":27}},"4":{"start":{"line":11,"column":2},"end":{"line":11,"column":36}}},"fnMap":{"0":{"name":"add","decl":{"start":{"line":1,"column":9},"end":{"line":1,"column":12}},"loc":{"start":{"line":1,"column":19},"end":{"line":4,"column":3}},"line":1},"1":{"name":"subtract","decl":{"start":{"line":6,"column":11},"end":{"line":6,"column":19}},"loc":{"start":{"line":6,"column":24},"end":{"line":8,"column":3}},"line":6}},"branchMap":{},"s":{"0":3,"1":3,"2":3,"3":2,"4":2},"f":{"0":3,"1":3},"b":{},"_coverageSchema":"1a1c01bbd47fc00a2c39e90264f33305004495a9","hash":"a09b3be28c48d63701d91caa6f92d3cdc6af1d9a"}
,"C:\\Users\\Usuario\\Desktop\\jest-test-dojo\\codebreaker.js": {"path":"C:\\Users\\Usuario\\Desktop\\jest-test-dojo\\codebreaker.js","statementMap":{"0":{"start":{"line":3,"column":12},"end":{"line":3,"column":19}},"1":{"start":{"line":6,"column":4},"end":{"line":6,"column":17}},"2":{"start":{"line":7,"column":4},"end":{"line":7,"column":41}},"3":{"start":{"line":11,"column":14},"end":{"line":11,"column":18}},"4":{"start":{"line":12,"column":4},"end":{"line":23,"column":5}},"5":{"start":{"line":13,"column":8},"end":{"line":13,"column":19}},"6":{"start":{"line":14,"column":8},"end":{"line":14,"column":34}},"7":{"start":{"line":15,"column":8},"end":{"line":15,"column":45}},"8":{"start":{"line":16,"column":8},"end":{"line":22,"column":9}},"9":{"start":{"line":16,"column":21},"end":{"line":16,"column":22}},"10":{"start":{"line":17,"column":12},"end":{"line":21,"column":13}},"11":{"start":{"line":17,"column":25},"end":{"line":17,"column":26}},"12":{"start":{"line":18,"column":16},"end":{"line":20,"column":17}},"13":{"start":{"line":19,"column":20},"end":{"line":19,"column":31}},"14":{"start":{"line":27,"column":19},"end":{"line":27,"column":49}},"15":{"start":{"line":28,"column":4},"end":{"line":28,"column":17}},"16":{"start":{"line":32,"column":19},"end":{"line":32,"column":21}},"17":{"start":{"line":33,"column":20},"end":{"line":33,"column":22}},"18":{"start":{"line":34,"column":20},"end":{"line":34,"column":22}},"19":{"start":{"line":35,"column":4},"end":{"line":36,"column":21}},"20":{"start":{"line":36,"column":8},"end":{"line":36,"column":21}},"21":{"start":{"line":37,"column":4},"end":{"line":37,"column":35}},"22":{"start":{"line":38,"column":4},"end":{"line":39,"column":21}},"23":{"start":{"line":39,"column":8},"end":{"line":39,"column":21}},"24":{"start":{"line":41,"column":4},"end":{"line":44,"column":5}},"25":{"start":{"line":42,"column":8},"end":{"line":42,"column":23}},"26":{"start":{"line":43,"column":8},"end":{"line":43,"column":23}},"27":{"start":{"line":45,"column":23},"end":{"line":45,"column":47}},"28":{"start":{"line":46,"column":4},"end":{"line":59,"column":5}},"29":{"start":{"line":46,"column":17},"end":{"line":46,"column":18}},"30":{"start":{"line":47,"column":8},"end":{"line":58,"column":9}},"31":{"start":{"line":48,"column":12},"end":{"line":48,"column":28}},"32":{"start":{"line":50,"column":12},"end":{"line":57,"column":13}},"33":{"start":{"line":50,"column":25},"end":{"line":50,"column":26}},"34":{"start":{"line":51,"column":16},"end":{"line":53,"column":17}},"35":{"start":{"line":52,"column":20},"end":{"line":52,"column":36}},"36":{"start":{"line":54,"column":16},"end":{"line":56,"column":17}},"37":{"start":{"line":55,"column":20},"end":{"line":55,"column":32}},"38":{"start":{"line":60,"column":4},"end":{"line":60,"column":33}},"39":{"start":{"line":62,"column":4},"end":{"line":62,"column":19}},"40":{"start":{"line":67,"column":17},"end":{"line":67,"column":41}},"41":{"start":{"line":68,"column":21},"end":{"line":68,"column":39}},"42":{"start":{"line":69,"column":4},"end":{"line":69,"column":22}},"43":{"start":{"line":72,"column":0},"end":{"line":72,"column":29}},"44":{"start":{"line":73,"column":0},"end":{"line":73,"column":37}},"45":{"start":{"line":74,"column":0},"end":{"line":74,"column":43}}},"fnMap":{"0":{"name":"setSecret","decl":{"start":{"line":5,"column":9},"end":{"line":5,"column":18}},"loc":{"start":{"line":5,"column":20},"end":{"line":8,"column":1}},"line":5},"1":{"name":"randomSecret","decl":{"start":{"line":10,"column":9},"end":{"line":10,"column":21}},"loc":{"start":{"line":10,"column":23},"end":{"line":24,"column":1}},"line":10},"2":{"name":"generateRandom","decl":{"start":{"line":26,"column":9},"end":{"line":26,"column":23}},"loc":{"start":{"line":26,"column":25},"end":{"line":29,"column":1}},"line":26},"3":{"name":"guess","decl":{"start":{"line":31,"column":9},"end":{"line":31,"column":14}},"loc":{"start":{"line":31,"column":24},"end":{"line":64,"column":1}},"line":31},"4":{"name":"numberToDigits","decl":{"start":{"line":66,"column":9},"end":{"line":66,"column":23}},"loc":{"start":{"line":66,"column":28},"end":{"line":70,"column":1}},"line":66}},"branchMap":{"0":{"loc":{"start":{"line":18,"column":16},"end":{"line":20,"column":17}},"type":"if","locations":[{"start":{"line":18,"column":16},"end":{"line":20,"column":17}},{"start":{"line":18,"column":16},"end":{"line":20,"column":17}}],"line":18},"1":{"loc":{"start":{"line":18,"column":19},"end":{"line":18,"column":61}},"type":"binary-expr","locations":[{"start":{"line":18,"column":19},"end":{"line":18,"column":52}},{"start":{"line":18,"column":56},"end":{"line":18,"column":61}}],"line":18},"2":{"loc":{"start":{"line":35,"column":4},"end":{"line":36,"column":21}},"type":"if","locations":[{"start":{"line":35,"column":4},"end":{"line":36,"column":21}},{"start":{"line":35,"column":4},"end":{"line":36,"column":21}}],"line":35},"3":{"loc":{"start":{"line":38,"column":4},"end":{"line":39,"column":21}},"type":"if","locations":[{"start":{"line":38,"column":4},"end":{"line":39,"column":21}},{"start":{"line":38,"column":4},"end":{"line":39,"column":21}}],"line":38},"4":{"loc":{"start":{"line":38,"column":8},"end":{"line":38,"column":83}},"type":"binary-expr","locations":[{"start":{"line":38,"column":8},"end":{"line":38,"column":24}},{"start":{"line":38,"column":28},"end":{"line":38,"column":57}},{"start":{"line":38,"column":61},"end":{"line":38,"column":83}}],"line":38},"5":{"loc":{"start":{"line":41,"column":4},"end":{"line":44,"column":5}},"type":"if","locations":[{"start":{"line":41,"column":4},"end":{"line":44,"column":5}},{"start":{"line":41,"column":4},"end":{"line":44,"column":5}}],"line":41},"6":{"loc":{"start":{"line":47,"column":8},"end":{"line":58,"column":9}},"type":"if","locations":[{"start":{"line":47,"column":8},"end":{"line":58,"column":9}},{"start":{"line":47,"column":8},"end":{"line":58,"column":9}}],"line":47},"7":{"loc":{"start":{"line":51,"column":16},"end":{"line":53,"column":17}},"type":"if","locations":[{"start":{"line":51,"column":16},"end":{"line":53,"column":17}},{"start":{"line":51,"column":16},"end":{"line":53,"column":17}}],"line":51},"8":{"loc":{"start":{"line":51,"column":19},"end":{"line":51,"column":62}},"type":"binary-expr","locations":[{"start":{"line":51,"column":19},"end":{"line":51,"column":53}},{"start":{"line":51,"column":57},"end":{"line":51,"column":62}}],"line":51},"9":{"loc":{"start":{"line":54,"column":16},"end":{"line":56,"column":17}},"type":"if","locations":[{"start":{"line":54,"column":16},"end":{"line":56,"column":17}},{"start":{"line":54,"column":16},"end":{"line":56,"column":17}}],"line":54},"10":{"loc":{"start":{"line":54,"column":19},"end":{"line":54,"column":63}},"type":"binary-expr","locations":[{"start":{"line":54,"column":19},"end":{"line":54,"column":54}},{"start":{"line":54,"column":58},"end":{"line":54,"column":63}}],"line":54}},"s":{"0":2,"1":31,"2":31,"3":1,"4":1,"5":2,"6":2,"7":2,"8":2,"9":2,"10":8,"11":8,"12":32,"13":2,"14":2,"15":2,"16":31,"17":31,"18":31,"19":31,"20":1,"21":30,"22":30,"23":3,"24":27,"25":1,"26":1,"27":26,"28":26,"29":26,"30":97,"31":32,"32":65,"33":65,"34":248,"35":32,"36":248,"37":4,"38":22,"39":22,"40":59,"41":59,"42":59,"43":2,"44":2,"45":2},"f":{"0":31,"1":1,"2":2,"3":31,"4":59},"b":{"0":[2,30],"1":[32,10],"2":[1,30],"3":[3,27],"4":[30,29,29],"5":[1,26],"6":[32,65],"7":[32,216],"8":[248,32],"9":[4,244],"10":[248,65]},"_coverageSchema":"1a1c01bbd47fc00a2c39e90264f33305004495a9","hash":"0a9472d39cac1bda214ee27896a75a6e13fe5459"}
}
