TN:
SF:app.js
FN:7,(anonymous_0)
FN:13,(anonymous_1)
FN:19,(anonymous_2)
FNF:3
FNH:3
FNDA:1,(anonymous_0)
FNDA:1,(anonymous_1)
FNDA:12,(anonymous_2)
DA:1,1
DA:2,1
DA:3,1
DA:4,1
DA:7,1
DA:8,1
DA:13,1
DA:14,1
DA:19,1
DA:20,12
DA:21,12
DA:24,12
DA:30,1
LF:13
LH:13
BRF:0
BRH:0
end_of_record
TN:
SF:calculator.js
FN:1,add
FN:6,subtract
FNF:2
FNH:2
FNDA:3,add
FNDA:3,subtract
DA:2,3
DA:3,3
DA:7,3
DA:10,2
DA:11,2
LF:5
LH:5
BRF:0
BRH:0
end_of_record
TN:
SF:codebreaker.js
FN:5,setSecret
FN:10,randomSecret
FN:26,generateRandom
FN:31,guess
FN:66,numberToDigits
FNF:5
FNH:5
FNDA:31,setSecret
FNDA:1,randomSecret
FNDA:1,generateRandom
FNDA:31,guess
FNDA:58,numberToDigits
DA:3,2
DA:6,31
DA:7,31
DA:11,1
DA:12,1
DA:13,1
DA:14,1
DA:15,1
DA:16,1
DA:17,4
DA:18,16
DA:19,0
DA:27,1
DA:28,1
DA:32,31
DA:33,31
DA:34,31
DA:35,31
DA:36,1
DA:37,30
DA:38,30
DA:39,3
DA:41,27
DA:42,1
DA:43,1
DA:45,26
DA:46,26
DA:47,97
DA:48,32
DA:50,65
DA:51,248
DA:52,32
DA:54,248
DA:55,4
DA:60,22
DA:62,22
DA:67,58
DA:68,58
DA:69,58
DA:72,2
DA:73,2
DA:74,2
LF:42
LH:41
BRDA:18,0,0,0
BRDA:18,0,1,16
BRDA:18,1,0,16
BRDA:18,1,1,4
BRDA:35,2,0,1
BRDA:35,2,1,30
BRDA:38,3,0,3
BRDA:38,3,1,27
BRDA:38,4,0,30
BRDA:38,4,1,29
BRDA:38,4,2,29
BRDA:41,5,0,1
BRDA:41,5,1,26
BRDA:47,6,0,32
BRDA:47,6,1,65
BRDA:51,7,0,32
BRDA:51,7,1,216
BRDA:51,8,0,248
BRDA:51,8,1,32
BRDA:54,9,0,4
BRDA:54,9,1,244
BRDA:54,10,0,248
BRDA:54,10,1,65
BRF:23
BRH:22
end_of_record
