TN:
SF:app.js
FN:8,(anonymous_0)
FN:14,(anonymous_1)
FN:20,(anonymous_2)
FN:34,(anonymous_3)
FN:53,(anonymous_4)
FNF:5
FNH:5
FNDA:1,(anonymous_0)
FNDA:1,(anonymous_1)
FNDA:12,(anonymous_2)
FNDA:2,(anonymous_3)
FNDA:4,(anonymous_4)
DA:1,1
DA:2,1
DA:3,1
DA:4,1
DA:5,1
DA:6,1
DA:8,1
DA:9,1
DA:14,1
DA:15,1
DA:20,1
DA:21,12
DA:23,12
DA:24,12
DA:26,1
DA:28,12
DA:34,1
DA:35,2
DA:36,1
DA:37,1
DA:38,0
DA:41,1
DA:47,1
DA:53,1
DA:54,4
DA:56,1
DA:57,1
DA:58,1
DA:63,3
DA:73,1
LF:30
LH:29
BRDA:24,0,0,1
BRDA:24,0,1,11
BRDA:35,1,0,1
BRDA:35,1,1,1
BRDA:37,2,0,0
BRDA:37,2,1,1
BRDA:54,3,0,1
BRDA:54,3,1,3
BRF:8
BRH:7
end_of_record
TN:
SF:calculator.js
FN:1,add
FN:6,subtract
FNF:2
FNH:2
FNDA:3,add
FNDA:3,subtract
DA:2,3
DA:3,3
DA:7,3
DA:10,2
DA:11,2
LF:5
LH:5
BRF:0
BRH:0
end_of_record
TN:
SF:codebreaker.js
FN:5,setSecret
FN:9,getSecret
FN:13,setGame
FN:17,endGame
FN:20,gameStatus
FN:23,randomSecret
FN:40,generateRandom
FN:45,guess
FN:80,numberToDigits
FNF:9
FNH:9
FNDA:31,setSecret
FNDA:1,getSecret
FNDA:20,setGame
FNDA:1,endGame
FNDA:6,gameStatus
FNDA:21,randomSecret
FNDA:42,generateRandom
FNDA:32,guess
FNDA:100,numberToDigits
DA:3,2
DA:4,2
DA:6,31
DA:7,31
DA:10,1
DA:14,20
DA:15,20
DA:18,1
DA:21,6
DA:24,21
DA:25,21
DA:26,42
DA:27,42
DA:28,42
DA:29,42
DA:30,168
DA:31,672
DA:32,50
DA:41,42
DA:42,42
DA:46,32
DA:47,32
DA:48,32
DA:49,32
DA:50,1
DA:51,31
DA:52,31
DA:53,3
DA:55,28
DA:56,1
DA:57,1
DA:59,27
DA:60,27
DA:61,101
DA:62,32
DA:64,69
DA:65,264
DA:66,34
DA:68,264
DA:69,4
DA:74,23
DA:76,23
DA:81,100
DA:82,100
DA:83,100
DA:86,2
DA:87,2
DA:88,2
DA:89,2
DA:90,2
DA:91,2
DA:92,2
LF:52
LH:52
BRDA:31,0,0,50
BRDA:31,0,1,622
BRDA:31,1,0,672
BRDA:31,1,1,218
BRDA:49,2,0,1
BRDA:49,2,1,31
BRDA:52,3,0,3
BRDA:52,3,1,28
BRDA:52,4,0,31
BRDA:52,4,1,30
BRDA:52,4,2,30
BRDA:55,5,0,1
BRDA:55,5,1,27
BRDA:61,6,0,32
BRDA:61,6,1,69
BRDA:65,7,0,34
BRDA:65,7,1,230
BRDA:65,8,0,264
BRDA:65,8,1,34
BRDA:68,9,0,4
BRDA:68,9,1,260
BRDA:68,10,0,264
BRDA:68,10,1,69
BRF:23
BRH:23
end_of_record
